#
# A fatal error has been detected by the Java Runtime Environment:
#
#  EXCEPTION_ACCESS_VIOLATION (0xc0000005) at pc=0x0000000051d08845, pid=10768, tid=11228
#
# JRE version: Java(TM) SE Runtime Environment (8.0_60-b27) (build 1.8.0_60-b27)
# Java VM: Java HotSpot(TM) 64-Bit Server VM (25.60-b23 mixed mode windows-amd64 compressed oops)
# Problematic frame:
# V  [jvm.dll+0x128845]
#
# Failed to write core dump. Minidumps are not enabled by default on client versions of Windows
#
# If you would like to submit a bug report, please visit:
#   http://bugreport.java.com/bugreport/crash.jsp
#

---------------  T H R E A D  ---------------

Current thread (0x00000000198a8800):  JavaThread "JDWP Transport Listener: dt_socket" daemon [_thread_in_vm, id=11228, stack(0x0000000019e70000,0x0000000019f70000)]

siginfo: ExceptionCode=0xc0000005, reading address 0xffffffffffffffff

Registers:
RAX=0x0000000019f6f601, RBX=0x00000000198a8800, RCX=0x65646f4e2470614d, RDX=0x0000000000000000
RSP=0x0000000019f6f640, RBP=0x65646f4e2470614d, RSI=0x0000000019f6f758, RDI=0x00000000026aa4a0
R8 =0x00000000198a8800, R9 =0x0000000000000000, R10=0x0000000000000000, R11=0x0000000000000064
R12=0x0000000000000000, R13=0x00000000198aede8, R14=0x0000000000000000, R15=0x0000000000000000
RIP=0x0000000051d08845, EFLAGS=0x0000000000010206

Top of Stack: (sp=0x0000000019f6f640)
0x0000000019f6f640:   00000000198a8800 00000000198a8800
0x0000000019f6f650:   0000000019f6f708 0000000051f0e18b
0x0000000019f6f660:   00000000198a8800 0000000051f2a9ed
0x0000000019f6f670:   0000000000000000 0000000051bb9155
0x0000000019f6f680:   000000001997e3f8 0000000051bc291e
0x0000000019f6f690:   00000000198a8800 0000000000000000
0x0000000019f6f6a0:   0000000000000000 0000000000000000
0x0000000019f6f6b0:   65646f4e2470614d 0000000051bc1a15
0x0000000019f6f6c0:   0000000019f6f758 0000000019f6f730
0x0000000019f6f6d0:   0000000000000001 000000001997e3f8
0x0000000019f6f6e0:   65646f4e2470614d 0000000051ba53b3
0x0000000019f6f6f0:   0000000019f6f820 0000000000000001
0x0000000019f6f700:   0000000000000001 000000001997e3f8
0x0000000019f6f710:   0000000000000009 0000000000000000
0x0000000019f6f720:   0000000000000000 0000000000000000
0x0000000019f6f730:   0000000000000001 0000000051ba5571 

Instructions: (pc=0x0000000051d08845)
0x0000000051d08825:   cc cc cc cc cc cc cc cc cc cc cc 48 83 ec 28 48
0x0000000051d08835:   85 c9 75 07 33 c0 48 83 c4 28 c3 48 89 5c 24 20
0x0000000051d08845:   48 8b 19 48 85 db 74 20 48 83 fb 37 74 1a 48 8b
0x0000000051d08855:   13 48 8b cb ff 52 10 84 c0 74 0d 48 8b c3 48 8b 


Register to memory mapping:

RAX=0x0000000019f6f601 is pointing into the stack for thread: 0x00000000198a8800
RBX=0x00000000198a8800 is a thread
RCX=0x65646f4e2470614d is an unknown value
RDX=0x0000000000000000 is an unknown value
RSP=0x0000000019f6f640 is pointing into the stack for thread: 0x00000000198a8800
RBP=0x65646f4e2470614d is an unknown value
RSI=0x0000000019f6f758 is pointing into the stack for thread: 0x00000000198a8800
RDI=0x00000000026aa4a0 is an unknown value
R8 =0x00000000198a8800 is a thread
R9 =0x0000000000000000 is an unknown value
R10=0x0000000000000000 is an unknown value
R11=0x0000000000000064 is an unknown value
R12=0x0000000000000000 is an unknown value
R13=0x00000000198aede8 is an unknown value
R14=0x0000000000000000 is an unknown value
R15=0x0000000000000000 is an unknown value


Stack: [0x0000000019e70000,0x0000000019f70000],  sp=0x0000000019f6f640,  free space=1021k
Native frames: (J=compiled Java code, j=interpreted, Vv=VM code, C=native code)
V  [jvm.dll+0x128845]
V  [jvm.dll+0x34a9ed]
C  [jdwp.dll+0x21a15]
C  [jdwp.dll+0x53b3]
C  [jdwp.dll+0x5571]
C  [jdwp.dll+0xf0a8]
C  [jdwp.dll+0x1f2d5]
C  [jdwp.dll+0x1f4aa]
V  [jvm.dll+0x1bb8e8]
V  [jvm.dll+0x243134]
V  [jvm.dll+0x299f6a]
C  [msvcr100.dll+0x21d9f]
C  [msvcr100.dll+0x21e3b]
C  [KERNEL32.DLL+0x12d92]
C  [ntdll.dll+0x9f64]


---------------  P R O C E S S  ---------------

Java Threads: ( => current thread )
  0x0000000019959800 JavaThread "Service Thread" daemon [_thread_blocked, id=10788, stack(0x000000001a570000,0x000000001a670000)]
  0x00000000198d4000 JavaThread "C1 CompilerThread3" daemon [_thread_blocked, id=8740, stack(0x000000001a470000,0x000000001a570000)]
  0x00000000198d3000 JavaThread "C2 CompilerThread2" daemon [_thread_blocked, id=7388, stack(0x000000001a370000,0x000000001a470000)]
  0x00000000198ca000 JavaThread "C2 CompilerThread1" daemon [_thread_blocked, id=6564, stack(0x000000001a270000,0x000000001a370000)]
  0x00000000198ce800 JavaThread "C2 CompilerThread0" daemon [_thread_blocked, id=2740, stack(0x000000001a170000,0x000000001a270000)]
  0x00000000198b0000 JavaThread "JDWP Command Reader" daemon [_thread_in_native, id=10508, stack(0x000000001a070000,0x000000001a170000)]
  0x00000000198af000 JavaThread "JDWP Event Helper Thread" daemon [_thread_blocked, id=916, stack(0x0000000019f70000,0x000000001a070000)]
=>0x00000000198a8800 JavaThread "JDWP Transport Listener: dt_socket" daemon [_thread_in_vm, id=11228, stack(0x0000000019e70000,0x0000000019f70000)]
  0x00000000198a0000 JavaThread "Attach Listener" daemon [_thread_blocked, id=4172, stack(0x0000000019d70000,0x0000000019e70000)]
  0x000000001989e800 JavaThread "Signal Dispatcher" daemon [_thread_blocked, id=6196, stack(0x0000000019c70000,0x0000000019d70000)]
  0x000000000280c000 JavaThread "Finalizer" daemon [_thread_blocked, id=6884, stack(0x0000000019690000,0x0000000019790000)]
  0x0000000002805000 JavaThread "Reference Handler" daemon [_thread_blocked, id=10792, stack(0x0000000019590000,0x0000000019690000)]
  0x0000000002712800 JavaThread "main" [_thread_blocked, id=4988, stack(0x0000000002510000,0x0000000002610000)]

Other Threads:
  0x00000000177a9800 VMThread [stack: 0x0000000019490000,0x0000000019590000] [id=10736]
  0x0000000019985800 WatcherThread [stack: 0x000000001a670000,0x000000001a770000] [id=10320]

VM state:not at safepoint (normal execution)

VM Mutex/Monitor currently owned by a thread: None

Heap:
 PSYoungGen      total 38400K, used 5597K [0x00000000d5d80000, 0x00000000d8800000, 0x0000000100000000)
  eden space 33280K, 16% used [0x00000000d5d80000,0x00000000d62f7428,0x00000000d7e00000)
  from space 5120K, 0% used [0x00000000d8300000,0x00000000d8300000,0x00000000d8800000)
  to   space 5120K, 0% used [0x00000000d7e00000,0x00000000d7e00000,0x00000000d8300000)
 ParOldGen       total 87552K, used 0K [0x0000000081800000, 0x0000000086d80000, 0x00000000d5d80000)
  object space 87552K, 0% used [0x0000000081800000,0x0000000081800000,0x0000000086d80000)
 Metaspace       used 4604K, capacity 4926K, committed 4992K, reserved 1056768K
  class space    used 526K, capacity 605K, committed 640K, reserved 1048576K

Card table byte_map: [0x0000000011bd0000,0x0000000011fd0000] byte_map_base: 0x00000000117c4000

Marking Bits: (ParMarkBitMap*) 0x00000000523ea5b0
 Begin Bits: [0x0000000012a80000, 0x0000000014a20000)
 End Bits:   [0x0000000014a20000, 0x00000000169c0000)

Polling page: 0x0000000000d90000

CodeCache: size=245760Kb used=1673Kb max_used=1686Kb free=244086Kb
 bounds [0x0000000002810000, 0x0000000002a80000, 0x0000000011810000]
 total_blobs=588 nmethods=321 adapters=188
 compilation: enabled

Compilation events (10 events):
Event: 0.703 Thread 0x00000000198d4000  314       3       java.lang.Character::codePointAtImpl (41 bytes)
Event: 0.704 Thread 0x00000000198d4000 nmethod 314 0x00000000029af510 code [0x00000000029af6a0, 0x00000000029afb10]
Event: 0.704 Thread 0x00000000198d4000  316       3       java.text.RBTableBuilder::getContractValues (18 bytes)
Event: 0.705 Thread 0x00000000198d4000 nmethod 316 0x00000000029afcd0 code [0x00000000029afe60, 0x00000000029b02f8]
Event: 0.705 Thread 0x00000000198d4000  312       3       java.util.Vector::ensureCapacityHelper (16 bytes)
Event: 0.705 Thread 0x00000000198d4000 nmethod 312 0x00000000029b0490 code [0x00000000029b0600, 0x00000000029b07e8]
Event: 0.705 Thread 0x00000000198d4000  313  s    3       java.util.Vector::addElement (38 bytes)
Event: 0.706 Thread 0x00000000198d4000 nmethod 313 0x00000000029b0890 code [0x00000000029b0a20, 0x00000000029b0f48]
Event: 0.706 Thread 0x00000000198ce800 nmethod 317 0x00000000029b4090 code [0x00000000029b41e0, 0x00000000029b4518]
Event: 0.716 Thread 0x00000000198d3000 nmethod 319 0x00000000029b1950 code [0x00000000029b1ae0, 0x00000000029b2368]

GC Heap History (0 events):
No events

Deoptimization events (6 events):
Event: 0.660 Thread 0x0000000002712800 Uncommon trap: reason=class_check action=maybe_recompile pc=0x000000000299b19c method=java.io.DataInputStream.readChar()C @ 4
Event: 0.660 Thread 0x0000000002712800 Uncommon trap: reason=class_check action=maybe_recompile pc=0x000000000299b19c method=java.io.DataInputStream.readChar()C @ 4
Event: 0.660 Thread 0x0000000002712800 Uncommon trap: reason=class_check action=maybe_recompile pc=0x000000000299b19c method=java.io.DataInputStream.readChar()C @ 4
Event: 0.660 Thread 0x0000000002712800 Uncommon trap: reason=class_check action=maybe_recompile pc=0x000000000299b19c method=java.io.DataInputStream.readChar()C @ 4
Event: 0.687 Thread 0x0000000002712800 Uncommon trap: reason=unstable_if action=reinterpret pc=0x00000000029a14d4 method=sun.text.normalizer.Trie.getCodePointOffset(I)I @ 9
Event: 0.689 Thread 0x0000000002712800 Uncommon trap: reason=unstable_if action=reinterpret pc=0x00000000029a62b8 method=sun.text.normalizer.Trie.getCodePointOffset(I)I @ 9

Internal exceptions (8 events):
Event: 0.079 Thread 0x0000000002712800 Exception <a 'java/lang/NoSuchMethodError': Method sun.misc.Unsafe.defineClass(Ljava/lang/String;[BII)Ljava/lang/Class; name or signature does not match> (0x00000000d5d8e550) thrown at [C:\re\workspace\8-2-build-windows-amd64-cygwin\jdk8u60\4407\hotspot\sr—Z‚,\^¥?
Event: 0.080 Thread 0x0000000002712800 Exception <a 'java/lang/NoSuchMethodError': Method sun.misc.Unsafe.prefetchRead(Ljava/lang/Object;J)V name or signature does not match> (0x00000000d5d8e838) thrown at [C:\re\workspace\8-2-build-windows-amd64-cygwin\jdk8u60\4407\hotspot\src\share\vm\prims\jW–Å¡]w‡?
Event: 0.515 Thread 0x0000000002712800 Exception <a 'java/lang/NoSuchFieldError': method resolution failed> (0x00000000d610a768) thrown at [C:\re\workspace\8-2-build-windows-amd64-cygwin\jdk8u60\4407\hotspot\src\share\vm\prims\methodHandles.cpp, line 1146]
Event: 0.523 Thread 0x0000000002712800 Exception <a 'java/lang/NoSuchFieldError': method resolution failed> (0x00000000d6117b68) thrown at [C:\re\workspace\8-2-build-windows-amd64-cygwin\jdk8u60\4407\hotspot\src\share\vm\prims\methodHandles.cpp, line 1146]
Event: 0.619 Thread 0x0000000002712800 Exception <a 'java/security/PrivilegedActionException'> (0x00000000d61b9e88) thrown at [C:\re\workspace\8-2-build-windows-amd64-cygwin\jdk8u60\4407\hotspot\src\share\vm\prims\jvm.cpp, line 1386]
Event: 0.619 Thread 0x0000000002712800 Exception <a 'java/security/PrivilegedActionException'> (0x00000000d61ba098) thrown at [C:\re\workspace\8-2-build-windows-amd64-cygwin\jdk8u60\4407\hotspot\src\share\vm\prims\jvm.cpp, line 1386]
Event: 0.620 Thread 0x0000000002712800 Exception <a 'java/security/PrivilegedActionException'> (0x00000000d61be0c8) thrown at [C:\re\workspace\8-2-build-windows-amd64-cygwin\jdk8u60\4407\hotspot\src\share\vm\prims\jvm.cpp, line 1386]
Event: 0.620 Thread 0x0000000002712800 Exception <a 'java/security/PrivilegedActionException'> (0x00000000d61be2d8) thrown at [C:\re\workspace\8-2-build-windows-amd64-cygwin\jdk8u60\4407\hotspot\src\share\vm\prims\jvm.cpp, line 1386]

Events (10 events):
Event: 384.183 Executing VM operation: ChangeBreakpoints
Event: 384.183 Executing VM operation: ChangeBreakpoints done
Event: 384.195 Executing VM operation: RedefineClasses
Event: 384.205 Executing VM operation: RedefineClasses done
Event: 384.219 Executing VM operation: ChangeBreakpoints
Event: 384.219 Executing VM operation: ChangeBreakpoints done
Event: 2421.758 Executing VM operation: ChangeBreakpoints
Event: 2421.759 Executing VM operation: ChangeBreakpoints done
Event: 10348.335 Executing VM operation: RedefineClasses
Event: 10348.359 Executing VM operation: RedefineClasses done


Dynamic libraries:
0x00007ff7c4990000 - 0x00007ff7c49c7000 	C:\Program Files\Java\jdk1.8.0_60\bin\java.exe
0x00007fffdd530000 - 0x00007fffdd6f1000 	C:\WINDOWS\SYSTEM32\ntdll.dll
0x00007fffdb3b0000 - 0x00007fffdb45d000 	C:\WINDOWS\system32\KERNEL32.DLL
0x00007fffdaa00000 - 0x00007fffdabdd000 	C:\WINDOWS\system32\KERNELBASE.dll
0x00007fffdabe0000 - 0x00007fffdac86000 	C:\WINDOWS\system32\ADVAPI32.dll
0x00007fffdd420000 - 0x00007fffdd4bd000 	C:\WINDOWS\system32\msvcrt.dll
0x00007fffdaf60000 - 0x00007fffdafbb000 	C:\WINDOWS\system32\sechost.dll
0x00007fffdacf0000 - 0x00007fffdae16000 	C:\WINDOWS\system32\RPCRT4.dll
0x00007fffdb460000 - 0x00007fffdb5ae000 	C:\WINDOWS\system32\USER32.dll
0x00007fffdba60000 - 0x00007fffdbbe6000 	C:\WINDOWS\system32\GDI32.dll
0x00007fffcc3b0000 - 0x00007fffcc624000 	C:\WINDOWS\WinSxS\amd64_microsoft.windows.common-controls_6595b64144ccf1df_6.0.10240.16384_none_f41f7b285750ef43\COMCTL32.dll
0x00007fffdae30000 - 0x00007fffdae66000 	C:\WINDOWS\system32\IMM32.DLL
0x00007fffdb240000 - 0x00007fffdb39c000 	C:\WINDOWS\system32\MSCTF.dll
0x0000000052470000 - 0x0000000052542000 	C:\Program Files\Java\jdk1.8.0_60\jre\bin\msvcr100.dll
0x0000000051be0000 - 0x0000000052469000 	C:\Program Files\Java\jdk1.8.0_60\jre\bin\server\jvm.dll
0x00007fffdae20000 - 0x00007fffdae28000 	C:\WINDOWS\system32\PSAPI.DLL
0x00007fffd0d20000 - 0x00007fffd0d29000 	C:\WINDOWS\SYSTEM32\WSOCK32.dll
0x00007fffd0d30000 - 0x00007fffd0d3a000 	C:\WINDOWS\SYSTEM32\VERSION.dll
0x00007fffd7f00000 - 0x00007fffd7f23000 	C:\WINDOWS\SYSTEM32\WINMM.dll
0x00007fffdd4c0000 - 0x00007fffdd529000 	C:\WINDOWS\system32\WS2_32.dll
0x00007fffdb3a0000 - 0x00007fffdb3a8000 	C:\WINDOWS\system32\NSI.dll
0x00007fffd7d70000 - 0x00007fffd7d9c000 	C:\WINDOWS\SYSTEM32\WINMMBASE.dll
0x00007fffda320000 - 0x00007fffda364000 	C:\WINDOWS\system32\cfgmgr32.dll
0x00007fffd8810000 - 0x00007fffd8837000 	C:\WINDOWS\SYSTEM32\DEVOBJ.dll
0x0000000052bf0000 - 0x0000000052bff000 	C:\Program Files\Java\jdk1.8.0_60\jre\bin\verify.dll
0x00000000529a0000 - 0x00000000529c9000 	C:\Program Files\Java\jdk1.8.0_60\jre\bin\java.dll
0x0000000051ba0000 - 0x0000000051bd5000 	C:\Program Files\Java\jdk1.8.0_60\jre\bin\jdwp.dll
0x0000000052ae0000 - 0x0000000052ae8000 	C:\Program Files\Java\jdk1.8.0_60\jre\bin\npt.dll
0x0000000052980000 - 0x0000000052996000 	C:\Program Files\Java\jdk1.8.0_60\jre\bin\zip.dll
0x00007fffdbd20000 - 0x00007fffdd242000 	C:\WINDOWS\system32\SHELL32.dll
0x00007fffda3d0000 - 0x00007fffda9f9000 	C:\WINDOWS\system32\windows.storage.dll
0x00007fffdafc0000 - 0x00007fffdb23c000 	C:\WINDOWS\system32\combase.dll
0x00007fffdac90000 - 0x00007fffdace1000 	C:\WINDOWS\system32\shlwapi.dll
0x00007fffd9f80000 - 0x00007fffd9f8f000 	C:\WINDOWS\system32\kernel.appcore.dll
0x00007fffda090000 - 0x00007fffda143000 	C:\WINDOWS\system32\shcore.dll
0x00007fffd9f90000 - 0x00007fffd9fda000 	C:\WINDOWS\system32\powrprof.dll
0x00007fffd9f40000 - 0x00007fffd9f53000 	C:\WINDOWS\system32\profapi.dll
0x0000000052890000 - 0x0000000052899000 	C:\Program Files\Java\jdk1.8.0_60\jre\bin\dt_socket.dll
0x00007fffd9750000 - 0x00007fffd97ad000 	C:\WINDOWS\system32\mswsock.dll
0x00007fffc6e90000 - 0x00007fffc701a000 	C:\WINDOWS\SYSTEM32\dbghelp.dll

VM Arguments:
jvm_args: -agentlib:jdwp=transport=dt_socket,address=127.0.0.1:55288,suspend=y,server=n -Dfile.encoding=windows-1252 
java_command: waterflow
java_class_path (initial): C:\Program Files\Java\jdk1.8.0_60\jre\lib\charsets.jar;C:\Program Files\Java\jdk1.8.0_60\jre\lib\deploy.jar;C:\Program Files\Java\jdk1.8.0_60\jre\lib\javaws.jar;C:\Program Files\Java\jdk1.8.0_60\jre\lib\jce.jar;C:\Program Files\Java\jdk1.8.0_60\jre\lib\jfr.jar;C:\Program Files\Java\jdk1.8.0_60\jre\lib\jfxswt.jar;C:\Program Files\Java\jdk1.8.0_60\jre\lib\jsse.jar;C:\Program Files\Java\jdk1.8.0_60\jre\lib\management-agent.jar;C:\Program Files\Java\jdk1.8.0_60\jre\lib\plugin.jar;C:\Program Files\Java\jdk1.8.0_60\jre\lib\resources.jar;C:\Program Files\Java\jdk1.8.0_60\jre\lib\rt.jar;C:\Program Files\Java\jdk1.8.0_60\jre\lib\ext\access-bridge-64.jar;C:\Program Files\Java\jdk1.8.0_60\jre\lib\ext\cldrdata.jar;C:\Program Files\Java\jdk1.8.0_60\jre\lib\ext\dnsns.jar;C:\Program Files\Java\jdk1.8.0_60\jre\lib\ext\jaccess.jar;C:\Program Files\Java\jdk1.8.0_60\jre\lib\ext\jfxrt.jar;C:\Program Files\Java\jdk1.8.0_60\jre\lib\ext\localedata.jar;C:\Program Files\Java\jdk1.8.0_60\jre\lib\ext\nashorn.jar;C:\Program Files\Java\jdk1.8.0_60\jre\lib\ext\sunec.jar;C:\Program Files\Java\jdk1.8.0_60\jre\lib\ext\sunjce_provider.jar;C:\Program Files\Java\jdk1.8.0_60\jre\lib\ext\sunmscapi.jar;C:\Program Files\Java\jdk1.8.0_60\jre\lib\ext\sunpkcs11.jar;C:\Program Files\Java\jdk1.8.0_60\jre\lib\ext\zipfs.jar;C:\Users\vatsa\IdeaProjects\waterflow\out\production\waterflow;C:\Program Files (x86)\JetBrains\IntelliJ IDEA Community Edition 14.1.4\lib\idea_rt.jar
Launcher Type: SUN_STANDARD

Environment Variables:
JAVA_HOME=C:\Program Files (x86)\Java\jdk1.8.0_25\
PATH=E:\oracle_install\app\oracle\product\11.2.0\server\bin;;C:\ProgramData\Oracle\Java\javapath;C:\Program Files\Common Files\Microsoft Shared\Windows Live;C:\Program Files (x86)\Common Files\Microsoft Shared\Windows Live;c:\Program Files (x86)\Intel\iCLS Client\;c:\Program Files\Intel\iCLS Client\;C:\WINDOWS\system32;C:\WINDOWS;C:\WINDOWS\System32\Wbem;C:\WINDOWS\System32\WindowsPowerShell\v1.0\;C:\Program Files\Intel\WiFi\bin\;C:\Program Files\Common Files\Intel\WirelessCommon\;C:\Program Files (x86)\Windows Live\Shared;C:\Program Files (x86)\PharosSystems\Core;C:\Program Files (x86)\Bitvise SSH Client;C:\Program Files (x86)\Microsoft SQL Server\100\Tools\Binn\;C:\Program Files\Microsoft SQL Server\100\Tools\Binn\;C:\Program Files\Microsoft SQL Server\100\DTS\Binn\;C:\wamp\bin\php\php5.4.3;C:\Program Files\Java\jdk1.7.0_05\bin;C:\Anaconda;C:\Anaconda\Scripts;C:\Program Files (x86)\PuTTY;C:\Program Files\Microsoft SQL Server\110\Tools\Binn\;C:\Program Files (x86)\Microsoft SQL Server\100\Tools\Binn\VSShell\Common7\IDE\;C:\Program Files (x86)\Microsoft SQL Server\100\DTS\Binn\;C:\Program Files (x86)\Microsoft Visual Studio 9.0\Common7\IDE\PrivateAssemblies\;C:\Program Files\Microsoft\Web Platform Installer\;C:\Program Files (x86)\Skype\Phone\;C:\Program Files\Intel\WiFi\bin\;C:\Program Files\Common Files\Intel\WirelessCommon\;C:\Python33\;C:\Program Files (x86)\SSH Communications Security\SSH Secure Shell
USERNAME=vatsa
OS=Windows_NT
PROCESSOR_IDENTIFIER=Intel64 Family 6 Model 58 Stepping 9, GenuineIntel



---------------  S Y S T E M  ---------------

OS: Windows 10.0 , 64 bit Build 10240 (10.0.10240.16384)

CPU:total 8 (4 cores per cpu, 2 threads per core) family 6 model 58 stepping 9, cmov, cx8, fxsr, mmx, sse, sse2, sse3, ssse3, sse4.1, sse4.2, popcnt, avx, aes, clmul, erms, ht, tsc, tscinvbit, tscinv

Memory: 4k page, physical 8288616k(3369752k free), swap 16677224k(9325376k free)

vm_info: Java HotSpot(TM) 64-Bit Server VM (25.60-b23) for windows-amd64 JRE (1.8.0_60-b27), built on Aug  4 2015 11:06:27 by "java_re" with MS VC++ 10.0 (VS2010)

time: Wed Sep 16 21:47:41 2015
elapsed time: 10348 seconds (0d 2h 52m 28s)

